This file contains any messages produced by compilers while
running configure, to aid debugging if configure makes a mistake.

It was created by asio configure 1.12.2, which was
generated by GNU Autoconf 2.69.  Invocation command line was

  $ ./configure 

## --------- ##
## Platform. ##
## --------- ##

hostname = stud-virtual-machine
uname -m = x86_64
uname -r = 5.13.0-25-generic
uname -s = Linux
uname -v = #26-Ubuntu SMP Fri Jan 7 15:48:31 UTC 2022

/usr/bin/uname -p = x86_64
/bin/uname -X     = unknown

/bin/arch              = x86_64
/usr/bin/arch -k       = unknown
/usr/convex/getsysinfo = unknown
/usr/bin/hostinfo      = unknown
/bin/machine           = unknown
/usr/bin/oslevel       = unknown
/bin/universe          = unknown

PATH: /opt/poky/3.1.4/sysroots/x86_64-pokysdk-linux/usr/bin/arm-poky-linux-gnueabi
PATH: /home/stud/bin
PATH: /usr/local/sbin
PATH: /usr/local/bin
PATH: /usr/sbin
PATH: /usr/bin
PATH: /sbin
PATH: /bin
PATH: /usr/games
PATH: /usr/local/games
PATH: /snap/bin
PATH: /usr/lib/jvm/java-9-oracle/bin
PATH: /usr/lib/jvm/java-9-oracle/db/bin
PATH: /home/stud/bin


## ----------- ##
## Core tests. ##
## ----------- ##

configure:2120: checking whether to enable maintainer-specific portions of Makefiles
configure:2129: result: no
configure:2187: checking for a BSD-compatible install
configure:2255: result: /usr/bin/install -c
configure:2266: checking whether build environment is sane
configure:2321: result: yes
configure:2472: checking for a thread-safe mkdir -p
configure:2511: result: /usr/bin/mkdir -p
configure:2518: checking for gawk
configure:2534: found /usr/bin/gawk
configure:2545: result: gawk
configure:2556: checking whether make sets $(MAKE)
configure:2578: result: yes
configure:2607: checking whether make supports nested variables
configure:2624: result: yes
configure:2713: checking whether UID '1000' is supported by ustar format
configure:2716: result: yes
configure:2723: checking whether GID '1000' is supported by ustar format
configure:2726: result: yes
configure:2734: checking how to create a ustar tar archive
configure:2745: tar --version
tar (GNU tar) 1.34
Copyright (C) 2021 Free Software Foundation, Inc.
License GPLv3+: GNU GPL version 3 or later <https://gnu.org/licenses/gpl.html>.
This is free software: you are free to change and redistribute it.
There is NO WARRANTY, to the extent permitted by law.

Written by John Gilmore and Jay Fenlason.
configure:2748: $? = 0
configure:2788: tardir=conftest.dir && eval tar --format=ustar -chf - "$tardir" >conftest.tar
configure:2791: $? = 0
configure:2795: tar -xf - <conftest.tar
configure:2798: $? = 0
configure:2800: cat conftest.dir/file
GrepMe
configure:2803: $? = 0
configure:2816: result: gnutar
configure:2871: checking build system type
configure:2885: result: x86_64-pc-linux-gnu
configure:2905: checking host system type
configure:2918: result: x86_64-pc-linux-gnu
configure:2942: checking whether make supports the include directive
configure:2957: make -f confmf.GNU && cat confinc.out
this is the am__doit target
configure:2960: $? = 0
configure:2979: result: yes (GNU style)
configure:3049: checking for gcc
configure:3065: found /usr/bin/gcc
configure:3076: result: gcc
configure:3305: checking for C compiler version
configure:3314: gcc --version >&5
gcc (Ubuntu 11.2.0-7ubuntu2) 11.2.0
Copyright (C) 2021 Free Software Foundation, Inc.
This is free software; see the source for copying conditions.  There is NO
warranty; not even for MERCHANTABILITY or FITNESS FOR A PARTICULAR PURPOSE.

configure:3325: $? = 0
configure:3314: gcc -v >&5
Using built-in specs.
COLLECT_GCC=gcc
COLLECT_LTO_WRAPPER=/usr/lib/gcc/x86_64-linux-gnu/11/lto-wrapper
OFFLOAD_TARGET_NAMES=nvptx-none:amdgcn-amdhsa
OFFLOAD_TARGET_DEFAULT=1
Target: x86_64-linux-gnu
Configured with: ../src/configure -v --with-pkgversion='Ubuntu 11.2.0-7ubuntu2' --with-bugurl=file:///usr/share/doc/gcc-11/README.Bugs --enable-languages=c,ada,c++,go,brig,d,fortran,objc,obj-c++,m2 --prefix=/usr --with-gcc-major-version-only --program-suffix=-11 --program-prefix=x86_64-linux-gnu- --enable-shared --enable-linker-build-id --libexecdir=/usr/lib --without-included-gettext --enable-threads=posix --libdir=/usr/lib --enable-nls --enable-bootstrap --enable-clocale=gnu --enable-libstdcxx-debug --enable-libstdcxx-time=yes --with-default-libstdcxx-abi=new --enable-gnu-unique-object --disable-vtable-verify --enable-plugin --enable-default-pie --with-system-zlib --enable-libphobos-checking=release --with-target-system-zlib=auto --enable-objc-gc=auto --enable-multiarch --disable-werror --enable-cet --with-arch-32=i686 --with-abi=m64 --with-multilib-list=m32,m64,mx32 --enable-multilib --with-tune=generic --enable-offload-targets=nvptx-none=/build/gcc-11-ZPT0kp/gcc-11-11.2.0/debian/tmp-nvptx/usr,amdgcn-amdhsa=/build/gcc-11-ZPT0kp/gcc-11-11.2.0/debian/tmp-gcn/usr --without-cuda-driver --enable-checking=release --build=x86_64-linux-gnu --host=x86_64-linux-gnu --target=x86_64-linux-gnu --with-build-config=bootstrap-lto-lean --enable-link-serialization=2
Thread model: posix
Supported LTO compression algorithms: zlib zstd
gcc version 11.2.0 (Ubuntu 11.2.0-7ubuntu2) 
... rest of stderr output deleted ...
configure:3325: $? = 0
configure:3314: gcc -V >&5
gcc: error: unrecognized command-line option '-V'
gcc: fatal error: no input files
compilation terminated.
configure:3325: $? = 1
configure:3314: gcc -qversion >&5
gcc: error: unrecognized command-line option '-qversion'; did you mean '--version'?
gcc: fatal error: no input files
compilation terminated.
configure:3325: $? = 1
configure:3345: checking whether the C compiler works
configure:3367: gcc    conftest.c  >&5
configure:3371: $? = 0
configure:3419: result: yes
configure:3422: checking for C compiler default output file name
configure:3424: result: a.out
configure:3430: checking for suffix of executables
configure:3437: gcc -o conftest    conftest.c  >&5
configure:3441: $? = 0
configure:3463: result: 
configure:3485: checking whether we are cross compiling
configure:3493: gcc -o conftest    conftest.c  >&5
configure:3497: $? = 0
configure:3504: ./conftest
configure:3508: $? = 0
configure:3523: result: no
configure:3528: checking for suffix of object files
configure:3550: gcc -c   conftest.c >&5
configure:3554: $? = 0
configure:3575: result: o
configure:3579: checking whether we are using the GNU C compiler
configure:3598: gcc -c   conftest.c >&5
configure:3598: $? = 0
configure:3607: result: yes
configure:3616: checking whether gcc accepts -g
configure:3636: gcc -c -g  conftest.c >&5
configure:3636: $? = 0
configure:3677: result: yes
configure:3694: checking for gcc option to accept ISO C89
configure:3757: gcc  -c -g -O2  conftest.c >&5
configure:3757: $? = 0
configure:3770: result: none needed
configure:3795: checking whether gcc understands -c and -o together
configure:3817: gcc -c conftest.c -o conftest2.o
configure:3820: $? = 0
configure:3817: gcc -c conftest.c -o conftest2.o
configure:3820: $? = 0
configure:3832: result: yes
configure:3851: checking dependency style of gcc
configure:3962: result: gcc3
configure:4036: checking for g++
configure:4052: found /usr/bin/g++
configure:4063: result: g++
configure:4090: checking for C++ compiler version
configure:4099: g++ --version >&5
g++ (Ubuntu 11.2.0-7ubuntu2) 11.2.0
Copyright (C) 2021 Free Software Foundation, Inc.
This is free software; see the source for copying conditions.  There is NO
warranty; not even for MERCHANTABILITY or FITNESS FOR A PARTICULAR PURPOSE.

configure:4110: $? = 0
configure:4099: g++ -v >&5
Using built-in specs.
COLLECT_GCC=g++
COLLECT_LTO_WRAPPER=/usr/lib/gcc/x86_64-linux-gnu/11/lto-wrapper
OFFLOAD_TARGET_NAMES=nvptx-none:amdgcn-amdhsa
OFFLOAD_TARGET_DEFAULT=1
Target: x86_64-linux-gnu
Configured with: ../src/configure -v --with-pkgversion='Ubuntu 11.2.0-7ubuntu2' --with-bugurl=file:///usr/share/doc/gcc-11/README.Bugs --enable-languages=c,ada,c++,go,brig,d,fortran,objc,obj-c++,m2 --prefix=/usr --with-gcc-major-version-only --program-suffix=-11 --program-prefix=x86_64-linux-gnu- --enable-shared --enable-linker-build-id --libexecdir=/usr/lib --without-included-gettext --enable-threads=posix --libdir=/usr/lib --enable-nls --enable-bootstrap --enable-clocale=gnu --enable-libstdcxx-debug --enable-libstdcxx-time=yes --with-default-libstdcxx-abi=new --enable-gnu-unique-object --disable-vtable-verify --enable-plugin --enable-default-pie --with-system-zlib --enable-libphobos-checking=release --with-target-system-zlib=auto --enable-objc-gc=auto --enable-multiarch --disable-werror --enable-cet --with-arch-32=i686 --with-abi=m64 --with-multilib-list=m32,m64,mx32 --enable-multilib --with-tune=generic --enable-offload-targets=nvptx-none=/build/gcc-11-ZPT0kp/gcc-11-11.2.0/debian/tmp-nvptx/usr,amdgcn-amdhsa=/build/gcc-11-ZPT0kp/gcc-11-11.2.0/debian/tmp-gcn/usr --without-cuda-driver --enable-checking=release --build=x86_64-linux-gnu --host=x86_64-linux-gnu --target=x86_64-linux-gnu --with-build-config=bootstrap-lto-lean --enable-link-serialization=2
Thread model: posix
Supported LTO compression algorithms: zlib zstd
gcc version 11.2.0 (Ubuntu 11.2.0-7ubuntu2) 
... rest of stderr output deleted ...
configure:4110: $? = 0
configure:4099: g++ -V >&5
g++: error: unrecognized command-line option '-V'
g++: fatal error: no input files
compilation terminated.
configure:4110: $? = 1
configure:4099: g++ -qversion >&5
g++: error: unrecognized command-line option '-qversion'; did you mean '--version'?
g++: fatal error: no input files
compilation terminated.
configure:4110: $? = 1
configure:4114: checking whether we are using the GNU C++ compiler
configure:4133: g++ -c   conftest.cpp >&5
configure:4133: $? = 0
configure:4142: result: yes
configure:4151: checking whether g++ accepts -g
configure:4171: g++ -c -g  conftest.cpp >&5
configure:4171: $? = 0
configure:4212: result: yes
configure:4237: checking dependency style of g++
configure:4348: result: gcc3
configure:4412: checking for ranlib
configure:4428: found /usr/bin/ranlib
configure:4439: result: ranlib
configure:4515: checking how to run the C++ preprocessor
configure:4542: g++ -E  conftest.cpp
configure:4542: $? = 0
configure:4556: g++ -E  conftest.cpp
conftest.cpp:12:10: fatal error: ac_nonexistent.h: No such file or directory
   12 | #include <ac_nonexistent.h>
      |          ^~~~~~~~~~~~~~~~~~
compilation terminated.
configure:4556: $? = 1
configure: failed program was:
| /* confdefs.h */
| #define PACKAGE_NAME "asio"
| #define PACKAGE_TARNAME "asio"
| #define PACKAGE_VERSION "1.12.2"
| #define PACKAGE_STRING "asio 1.12.2"
| #define PACKAGE_BUGREPORT ""
| #define PACKAGE_URL ""
| #define PACKAGE "asio"
| #define VERSION "1.12.2"
| #define _REENTRANT 1
| /* end confdefs.h.  */
| #include <ac_nonexistent.h>
configure:4581: result: g++ -E
configure:4601: g++ -E  conftest.cpp
configure:4601: $? = 0
configure:4615: g++ -E  conftest.cpp
conftest.cpp:12:10: fatal error: ac_nonexistent.h: No such file or directory
   12 | #include <ac_nonexistent.h>
      |          ^~~~~~~~~~~~~~~~~~
compilation terminated.
configure:4615: $? = 1
configure: failed program was:
| /* confdefs.h */
| #define PACKAGE_NAME "asio"
| #define PACKAGE_TARNAME "asio"
| #define PACKAGE_VERSION "1.12.2"
| #define PACKAGE_STRING "asio 1.12.2"
| #define PACKAGE_BUGREPORT ""
| #define PACKAGE_URL ""
| #define PACKAGE "asio"
| #define VERSION "1.12.2"
| #define _REENTRANT 1
| /* end confdefs.h.  */
| #include <ac_nonexistent.h>
configure:4644: checking for grep that handles long lines and -e
configure:4702: result: /usr/bin/grep
configure:4707: checking for egrep
configure:4769: result: /usr/bin/grep -E
configure:4774: checking for ANSI C header files
configure:4794: g++ -c -g -O2  conftest.cpp >&5
configure:4794: $? = 0
configure:4867: g++ -o conftest -g -O2   conftest.cpp  >&5
configure:4867: $? = 0
configure:4867: ./conftest
configure:4867: $? = 0
configure:4878: result: yes
configure:4891: checking for sys/types.h
configure:4891: g++ -c -g -O2  conftest.cpp >&5
configure:4891: $? = 0
configure:4891: result: yes
configure:4891: checking for sys/stat.h
configure:4891: g++ -c -g -O2  conftest.cpp >&5
configure:4891: $? = 0
configure:4891: result: yes
configure:4891: checking for stdlib.h
configure:4891: g++ -c -g -O2  conftest.cpp >&5
configure:4891: $? = 0
configure:4891: result: yes
configure:4891: checking for string.h
configure:4891: g++ -c -g -O2  conftest.cpp >&5
configure:4891: $? = 0
configure:4891: result: yes
configure:4891: checking for memory.h
configure:4891: g++ -c -g -O2  conftest.cpp >&5
configure:4891: $? = 0
configure:4891: result: yes
configure:4891: checking for strings.h
configure:4891: g++ -c -g -O2  conftest.cpp >&5
configure:4891: $? = 0
configure:4891: result: yes
configure:4891: checking for inttypes.h
configure:4891: g++ -c -g -O2  conftest.cpp >&5
configure:4891: $? = 0
configure:4891: result: yes
configure:4891: checking for stdint.h
configure:4891: g++ -c -g -O2  conftest.cpp >&5
configure:4891: $? = 0
configure:4891: result: yes
configure:4891: checking for unistd.h
configure:4891: g++ -c -g -O2  conftest.cpp >&5
configure:4891: $? = 0
configure:4891: result: yes
configure:4903: checking boost/noncopyable.hpp usability
configure:4903: g++ -c -g -O2  conftest.cpp >&5
configure:4903: $? = 0
configure:4903: result: yes
configure:4903: checking boost/noncopyable.hpp presence
configure:4903: g++ -E  conftest.cpp
configure:4903: $? = 0
configure:4903: result: yes
configure:4903: checking for boost/noncopyable.hpp
configure:4903: result: yes
configure:4928: checking openssl/ssl.h usability
configure:4928: g++ -c -g -O2  conftest.cpp >&5
configure:4928: $? = 0
configure:4928: result: yes
configure:4928: checking openssl/ssl.h presence
configure:4928: g++ -E  conftest.cpp
configure:4928: $? = 0
configure:4928: result: yes
configure:4928: checking for openssl/ssl.h
configure:4928: result: yes
configure:5011: checking whether C++11 is enabled
configure:5026: g++ -c -g -O2 -pthread -ftemplate-depth-256  conftest.cpp >&5
configure:5026: $? = 0
configure:5027: result: yes
configure:5037: checking whether C++14 is enabled
configure:5052: g++ -c -g -O2 -pthread -ftemplate-depth-256  conftest.cpp >&5
configure:5052: $? = 0
configure:5053: result: yes
configure:5269: checking that generated files are newer than configure
configure:5275: result: done
configure:5330: creating ./config.status

## ---------------------- ##
## Running config.status. ##
## ---------------------- ##

This file was extended by asio config.status 1.12.2, which was
generated by GNU Autoconf 2.69.  Invocation command line was

  CONFIG_FILES    = 
  CONFIG_HEADERS  = 
  CONFIG_LINKS    = 
  CONFIG_COMMANDS = 
  $ ./config.status 

on stud-virtual-machine

config.status:815: creating Makefile
config.status:815: creating include/Makefile
config.status:815: creating src/Makefile
config.status:815: creating src/tests/Makefile
config.status:815: creating src/examples/cpp03/Makefile
config.status:815: creating src/examples/cpp11/Makefile
config.status:815: creating src/examples/cpp14/Makefile
config.status:815: creating src/examples/cpp17/Makefile
config.status:987: executing depfiles commands
config.status:1064: cd src/tests       && sed -e '/# am--include-marker/d' Makefile         | make -f - am--depfiles
config.status:1069: $? = 0
config.status:1064: cd src/examples/cpp03       && sed -e '/# am--include-marker/d' Makefile         | make -f - am--depfiles
config.status:1069: $? = 0
config.status:1064: cd src/examples/cpp11       && sed -e '/# am--include-marker/d' Makefile         | make -f - am--depfiles
config.status:1069: $? = 0
config.status:1064: cd src/examples/cpp14       && sed -e '/# am--include-marker/d' Makefile         | make -f - am--depfiles
config.status:1069: $? = 0

## ---------------- ##
## Cache variables. ##
## ---------------- ##

ac_cv_build=x86_64-pc-linux-gnu
ac_cv_c_compiler_gnu=yes
ac_cv_cxx_compiler_gnu=yes
ac_cv_env_CCC_set=
ac_cv_env_CCC_value=
ac_cv_env_CC_set=
ac_cv_env_CC_value=
ac_cv_env_CFLAGS_set=
ac_cv_env_CFLAGS_value=
ac_cv_env_CPPFLAGS_set=
ac_cv_env_CPPFLAGS_value=
ac_cv_env_CXXCPP_set=
ac_cv_env_CXXCPP_value=
ac_cv_env_CXXFLAGS_set=
ac_cv_env_CXXFLAGS_value=
ac_cv_env_CXX_set=
ac_cv_env_CXX_value=
ac_cv_env_LDFLAGS_set=
ac_cv_env_LDFLAGS_value=
ac_cv_env_LIBS_set=
ac_cv_env_LIBS_value=
ac_cv_env_build_alias_set=
ac_cv_env_build_alias_value=
ac_cv_env_host_alias_set=
ac_cv_env_host_alias_value=
ac_cv_env_target_alias_set=
ac_cv_env_target_alias_value=
ac_cv_header_boost_noncopyable_hpp=yes
ac_cv_header_inttypes_h=yes
ac_cv_header_memory_h=yes
ac_cv_header_openssl_ssl_h=yes
ac_cv_header_stdc=yes
ac_cv_header_stdint_h=yes
ac_cv_header_stdlib_h=yes
ac_cv_header_string_h=yes
ac_cv_header_strings_h=yes
ac_cv_header_sys_stat_h=yes
ac_cv_header_sys_types_h=yes
ac_cv_header_unistd_h=yes
ac_cv_host=x86_64-pc-linux-gnu
ac_cv_objext=o
ac_cv_path_EGREP='/usr/bin/grep -E'
ac_cv_path_GREP=/usr/bin/grep
ac_cv_path_install='/usr/bin/install -c'
ac_cv_path_mkdir=/usr/bin/mkdir
ac_cv_prog_AWK=gawk
ac_cv_prog_CXXCPP='g++ -E'
ac_cv_prog_ac_ct_CC=gcc
ac_cv_prog_ac_ct_CXX=g++
ac_cv_prog_ac_ct_RANLIB=ranlib
ac_cv_prog_cc_c89=
ac_cv_prog_cc_g=yes
ac_cv_prog_cxx_g=yes
ac_cv_prog_make_make_set=yes
am_cv_CC_dependencies_compiler_type=gcc3
am_cv_CXX_dependencies_compiler_type=gcc3
am_cv_make_support_nested_variables=yes
am_cv_prog_cc_c_o=yes
am_cv_prog_tar_ustar=gnutar

## ----------------- ##
## Output variables. ##
## ----------------- ##

ACLOCAL='${SHELL} /home/stud/ngk/asio-1.12.2/missing aclocal-1.16'
AMDEPBACKSLASH='\'
AMDEP_FALSE='#'
AMDEP_TRUE=''
AMTAR='$${TAR-tar}'
AM_BACKSLASH='\'
AM_DEFAULT_V='$(AM_DEFAULT_VERBOSITY)'
AM_DEFAULT_VERBOSITY='1'
AM_V='$(V)'
AUTOCONF='${SHELL} /home/stud/ngk/asio-1.12.2/missing autoconf'
AUTOHEADER='${SHELL} /home/stud/ngk/asio-1.12.2/missing autoheader'
AUTOMAKE='${SHELL} /home/stud/ngk/asio-1.12.2/missing automake-1.16'
AWK='gawk'
CC='gcc'
CCDEPMODE='depmode=gcc3'
CFLAGS='-g -O2'
CPPFLAGS=''
CXX='g++'
CXXCPP='g++ -E'
CXXDEPMODE='depmode=gcc3'
CXXFLAGS='-g -O2 -pthread -ftemplate-depth-256'
CYGPATH_W='echo'
DEFS='-DPACKAGE_NAME=\"asio\" -DPACKAGE_TARNAME=\"asio\" -DPACKAGE_VERSION=\"1.12.2\" -DPACKAGE_STRING=\"asio\ 1.12.2\" -DPACKAGE_BUGREPORT=\"\" -DPACKAGE_URL=\"\" -DPACKAGE=\"asio\" -DVERSION=\"1.12.2\" -D_REENTRANT=1 -DSTDC_HEADERS=1 -DHAVE_SYS_TYPES_H=1 -DHAVE_SYS_STAT_H=1 -DHAVE_STDLIB_H=1 -DHAVE_STRING_H=1 -DHAVE_MEMORY_H=1 -DHAVE_STRINGS_H=1 -DHAVE_INTTYPES_H=1 -DHAVE_STDINT_H=1 -DHAVE_UNISTD_H=1'
DEPDIR='.deps'
ECHO_C=''
ECHO_N='-n'
ECHO_T=''
EGREP='/usr/bin/grep -E'
EXEEXT=''
GREP='/usr/bin/grep'
HAVE_BOOST_COROUTINE_FALSE=''
HAVE_BOOST_COROUTINE_TRUE='#'
HAVE_CXX11_FALSE='#'
HAVE_CXX11_TRUE=''
HAVE_CXX14_FALSE='#'
HAVE_CXX14_TRUE=''
HAVE_OPENSSL_FALSE='#'
HAVE_OPENSSL_TRUE=''
INSTALL_DATA='${INSTALL} -m 644'
INSTALL_PROGRAM='${INSTALL}'
INSTALL_SCRIPT='${INSTALL}'
INSTALL_STRIP_PROGRAM='$(install_sh) -c -s'
LDFLAGS=' -pthread'
LIBOBJS=''
LIBS=' -lssl -lcrypto -lrt'
LTLIBOBJS=''
MAINT='#'
MAINTAINER_MODE_FALSE=''
MAINTAINER_MODE_TRUE='#'
MAKEINFO='${SHELL} /home/stud/ngk/asio-1.12.2/missing makeinfo'
MKDIR_P='/usr/bin/mkdir -p'
OBJEXT='o'
PACKAGE='asio'
PACKAGE_BUGREPORT=''
PACKAGE_NAME='asio'
PACKAGE_STRING='asio 1.12.2'
PACKAGE_TARNAME='asio'
PACKAGE_URL=''
PACKAGE_VERSION='1.12.2'
PATH_SEPARATOR=':'
RANLIB='ranlib'
SEPARATE_COMPILATION_FALSE=''
SEPARATE_COMPILATION_TRUE='#'
SET_MAKE=''
SHELL='/bin/bash'
STANDALONE_FALSE=''
STANDALONE_TRUE='#'
STRIP=''
VERSION='1.12.2'
WINDOWS_TARGET_FALSE=''
WINDOWS_TARGET_TRUE='#'
ac_ct_CC='gcc'
ac_ct_CXX='g++'
am__EXEEXT_FALSE=''
am__EXEEXT_TRUE='#'
am__fastdepCC_FALSE='#'
am__fastdepCC_TRUE=''
am__fastdepCXX_FALSE='#'
am__fastdepCXX_TRUE=''
am__include='include'
am__isrc=''
am__leading_dot='.'
am__nodep='_no'
am__quote=''
am__tar='tar --format=ustar -chf - "$$tardir"'
am__untar='tar -xf -'
bindir='${exec_prefix}/bin'
build='x86_64-pc-linux-gnu'
build_alias=''
build_cpu='x86_64'
build_os='linux-gnu'
build_vendor='pc'
datadir='${datarootdir}'
datarootdir='${prefix}/share'
docdir='${datarootdir}/doc/${PACKAGE_TARNAME}'
dvidir='${docdir}'
exec_prefix='${prefix}'
host='x86_64-pc-linux-gnu'
host_alias=''
host_cpu='x86_64'
host_os='linux-gnu'
host_vendor='pc'
htmldir='${docdir}'
includedir='${prefix}/include'
infodir='${datarootdir}/info'
install_sh='${SHELL} /home/stud/ngk/asio-1.12.2/install-sh'
libdir='${exec_prefix}/lib'
libexecdir='${exec_prefix}/libexec'
localedir='${datarootdir}/locale'
localstatedir='${prefix}/var'
mandir='${datarootdir}/man'
mkdir_p='$(MKDIR_P)'
oldincludedir='/usr/include'
pdfdir='${docdir}'
prefix='/usr/local'
program_transform_name='s,x,x,'
psdir='${docdir}'
sbindir='${exec_prefix}/sbin'
sharedstatedir='${prefix}/com'
sysconfdir='${prefix}/etc'
target_alias=''

## ----------- ##
## confdefs.h. ##
## ----------- ##

/* confdefs.h */
#define PACKAGE_NAME "asio"
#define PACKAGE_TARNAME "asio"
#define PACKAGE_VERSION "1.12.2"
#define PACKAGE_STRING "asio 1.12.2"
#define PACKAGE_BUGREPORT ""
#define PACKAGE_URL ""
#define PACKAGE "asio"
#define VERSION "1.12.2"
#define _REENTRANT 1
#define STDC_HEADERS 1
#define HAVE_SYS_TYPES_H 1
#define HAVE_SYS_STAT_H 1
#define HAVE_STDLIB_H 1
#define HAVE_STRING_H 1
#define HAVE_MEMORY_H 1
#define HAVE_STRINGS_H 1
#define HAVE_INTTYPES_H 1
#define HAVE_STDINT_H 1
#define HAVE_UNISTD_H 1

configure: exit 0
